02-android/Astudio/app/build/intermediates/manifest_merge_blame_file/debug/manifest-merger-blame-debug-report.txt
1<?xml version="1.0" encoding="utf-8"?>
2<manifest xmlns:android="http://schemas.android.com/apk/res/android"
3    package="com.example.moviles"
4    android:versionCode="1"
5    android:versionName="1.0" >
6
7    <uses-sdk
8        android:minSdkVersion="23"
8-->src/main/AndroidManifest.xml
9        android:targetSdkVersion="30" />
9-->src/main/AndroidManifest.xml
10
11    <application
11-->src/main/AndroidManifest.xml:5:5-28:19
12        android:allowBackup="true"
12-->src/main/AndroidManifest.xml:6:9-35
13        android:appComponentFactory="androidx.core.app.CoreComponentFactory"
13-->[androidx.core:core:1.3.0] AndroidManifest.xml:24:18-86
14        android:debuggable="true"
15        android:extractNativeLibs="false"
16        android:icon="@mipmap/ic_launcher"
16-->src/main/AndroidManifest.xml:7:9-43
17        android:label="@string/app_name"
17-->src/main/AndroidManifest.xml:8:9-41
18        android:roundIcon="@mipmap/ic_launcher_round"
18-->src/main/AndroidManifest.xml:9:9-54
19        android:supportsRtl="true"
19-->src/main/AndroidManifest.xml:10:9-35
20        android:testOnly="true"
21        android:theme="@style/AppTheme" >
21-->src/main/AndroidManifest.xml:11:9-40
22        <activity android:name="com.example.moviles.IntentEnviaParametros" >
22-->src/main/AndroidManifest.xml:12:9-18:20
22-->src/main/AndroidManifest.xml:12:19-56
23            <intent-filter>
23-->src/main/AndroidManifest.xml:13:13-17:29
24                <action android:name="android.intent.action.SEND" />
24-->src/main/AndroidManifest.xml:14:17-68
24-->src/main/AndroidManifest.xml:14:25-66
25
26                <category android:name="android.intent.category.DEFAULT" />
26-->src/main/AndroidManifest.xml:15:17-75
26-->src/main/AndroidManifest.xml:15:27-73
27
28                <data android:mimeType="text/plain" />
28-->src/main/AndroidManifest.xml:16:17-54
28-->src/main/AndroidManifest.xml:16:23-52
29            </intent-filter>
30        </activity>
31        <activity android:name="com.example.moviles.BListViewActivity" />
31-->src/main/AndroidManifest.xml:19:9-55
31-->src/main/AndroidManifest.xml:19:19-52
32        <activity android:name="com.example.moviles.CicloVidaActivity" />
32-->src/main/AndroidManifest.xml:20:9-55
32-->src/main/AndroidManifest.xml:20:19-52
33        <activity android:name="com.example.moviles.MainActivity" >
33-->src/main/AndroidManifest.xml:21:9-27:20
33-->src/main/AndroidManifest.xml:21:19-47
34            <intent-filter>
34-->src/main/AndroidManifest.xml:22:13-26:29
35                <action android:name="android.intent.action.MAIN" />
35-->src/main/AndroidManifest.xml:23:17-69
35-->src/main/AndroidManifest.xml:23:25-66
36
37                <category android:name="android.intent.category.LAUNCHER" />
37-->src/main/AndroidManifest.xml:25:17-77
37-->src/main/AndroidManifest.xml:25:27-74
38            </intent-filter>
39        </activity>
40    </application>
41
42</manifest>